inventarios/build/app/intermediates/manifest_merge_blame_file/debug/manifest-merger-blame-debug-report.txt
1<?xml version="1.0" encoding="utf-8"?>
2<manifest xmlns:android="http://schemas.android.com/apk/res/android"
3    package="com.example.guadiana_app"
4    android:versionCode="1"
5    android:versionName="0.1.0" >
6
7    <uses-sdk
8        android:minSdkVersion="21"
9        android:targetSdkVersion="35" />
10    <!--
11         The INTERNET permission is required for development. Specifically,
12         the Flutter tool needs it to communicate with the running application
13         to allow setting breakpoints, to provide hot reload, etc.
14    -->
15    <uses-permission android:name="android.permission.INTERNET" />
15-->src\debug\AndroidManifest.xml:6:5-66
15-->src\debug\AndroidManifest.xml:6:22-64
16    <!--
17     Required to query activities that can process text, see:
18         https://developer.android.com/training/package-visibility and
19         https://developer.android.com/reference/android/content/Intent#ACTION_PROCESS_TEXT.
20
21         In particular, this is used by the Flutter engine in io.flutter.plugin.text.ProcessTextPlugin.
22    -->
23    <queries>
23-->src\main\AndroidManifest.xml:47:5-52:15
24        <intent>
24-->src\main\AndroidManifest.xml:48:9-51:18
25            <action android:name="android.intent.action.PROCESS_TEXT" />
25-->src\main\AndroidManifest.xml:49:13-72
25-->src\main\AndroidManifest.xml:49:21-70
26
27            <data android:mimeType="text/plain" />
27-->src\main\AndroidManifest.xml:50:13-50
27-->src\main\AndroidManifest.xml:50:19-48
28        </intent>
29        <intent>
29-->[:file_picker] AndroidManifest.xml:12:9-16:18
30            <action android:name="android.intent.action.GET_CONTENT" />
30-->[:file_picker] AndroidManifest.xml:13:13-72
30-->[:file_picker] AndroidManifest.xml:13:21-69
31
32            <data android:mimeType="*/*" />
32-->src\main\AndroidManifest.xml:50:13-50
32-->src\main\AndroidManifest.xml:50:19-48
33        </intent>
34    </queries>
35
36    <uses-permission
36-->[:file_picker] AndroidManifest.xml:7:5-9:38
37        android:name="android.permission.READ_EXTERNAL_STORAGE"
37-->[:file_picker] AndroidManifest.xml:8:9-64
38        android:maxSdkVersion="32" />
38-->[:file_picker] AndroidManifest.xml:9:9-35
39    <uses-permission android:name="android.permission.ACCESS_NETWORK_STATE" />
39-->[:connectivity_plus] AndroidManifest.xml:7:5-79
39-->[:connectivity_plus] AndroidManifest.xml:7:22-76
40    <uses-permission android:name="android.permission.CAMERA" />
40-->[:mobile_scanner] AndroidManifest.xml:7:5-65
40-->[:mobile_scanner] AndroidManifest.xml:7:22-62
41
42    <uses-feature
42-->[:mobile_scanner] AndroidManifest.xml:9:5-11:36
43        android:name="android.hardware.camera"
43-->[:mobile_scanner] AndroidManifest.xml:10:9-47
44        android:required="false" />
44-->[:mobile_scanner] AndroidManifest.xml:11:9-33
45
46    <permission
46-->[androidx.core:core:1.13.1] AndroidManifest.xml:22:5-24:47
47        android:name="com.example.guadiana_app.DYNAMIC_RECEIVER_NOT_EXPORTED_PERMISSION"
47-->[androidx.core:core:1.13.1] AndroidManifest.xml:23:9-81
48        android:protectionLevel="signature" />
48-->[androidx.core:core:1.13.1] AndroidManifest.xml:24:9-44
49
50    <uses-permission android:name="com.example.guadiana_app.DYNAMIC_RECEIVER_NOT_EXPORTED_PERMISSION" />
50-->[androidx.core:core:1.13.1] AndroidManifest.xml:26:5-97
50-->[androidx.core:core:1.13.1] AndroidManifest.xml:26:22-94
51
52    <application
53        android:name="android.app.Application"
54        android:appComponentFactory="androidx.core.app.CoreComponentFactory"
54-->[androidx.core:core:1.13.1] AndroidManifest.xml:28:18-86
55        android:debuggable="true"
56        android:extractNativeLibs="true"
57        android:icon="@mipmap/ic_launcher"
58        android:label="guadiana_app" >
59        <activity
60            android:name="com.example.guadiana_app.MainActivity"
61            android:configChanges="orientation|keyboardHidden|keyboard|screenSize|smallestScreenSize|locale|layoutDirection|fontScale|screenLayout|density|uiMode"
62            android:exported="true"
63            android:hardwareAccelerated="true"
64            android:launchMode="singleTop"
65            android:taskAffinity=""
66            android:theme="@style/LaunchTheme"
67            android:windowSoftInputMode="adjustResize" >
68
69            <!--
70                 Specifies an Android theme to apply to this Activity as soon as
71                 the Android process has started. This theme is visible to the user
72                 while the Flutter UI initializes. After that, this theme continues
73                 to determine the Window background behind the Flutter UI.
74            -->
75            <meta-data
76                android:name="io.flutter.embedding.android.NormalTheme"
77                android:resource="@style/NormalTheme" />
78
79            <intent-filter>
80                <action android:name="android.intent.action.MAIN" />
81
82                <category android:name="android.intent.category.LAUNCHER" />
83            </intent-filter>
84            <intent-filter>
85                <action android:name="android.intent.action.VIEW" />
86
87                <category android:name="android.intent.category.DEFAULT" />
88                <category android:name="android.intent.category.BROWSABLE" />
89
90                <data
90-->src\main\AndroidManifest.xml:50:13-50
91                    android:host="password-reset-callback"
92                    android:scheme="guadiana-inventarios" />
93            </intent-filter>
94        </activity>
95        <!--
96             Don't delete the meta-data below.
97             This is used by the Flutter tool to generate GeneratedPluginRegistrant.java
98        -->
99        <meta-data
100            android:name="flutterEmbedding"
101            android:value="2" />
102
103        <activity
103-->[:url_launcher_android] AndroidManifest.xml:8:9-11:74
104            android:name="io.flutter.plugins.urllauncher.WebViewActivity"
104-->[:url_launcher_android] AndroidManifest.xml:9:13-74
105            android:exported="false"
105-->[:url_launcher_android] AndroidManifest.xml:10:13-37
106            android:theme="@android:style/Theme.NoTitleBar.Fullscreen" />
106-->[:url_launcher_android] AndroidManifest.xml:11:13-71
107        <!--
108        Service for holding metadata. Cannot be instantiated.
109        Metadata will be merged from other manifests.
110        -->
111        <service
111-->[androidx.camera:camera-core:1.3.1] AndroidManifest.xml:29:9-33:78
112            android:name="androidx.camera.core.impl.MetadataHolderService"
112-->[androidx.camera:camera-core:1.3.1] AndroidManifest.xml:30:13-75
113            android:enabled="false"
113-->[androidx.camera:camera-core:1.3.1] AndroidManifest.xml:31:13-36
114            android:exported="false" >
114-->[androidx.camera:camera-core:1.3.1] AndroidManifest.xml:32:13-37
115            <meta-data
115-->[androidx.camera:camera-camera2:1.3.1] AndroidManifest.xml:30:13-32:89
116                android:name="androidx.camera.core.impl.MetadataHolderService.DEFAULT_CONFIG_PROVIDER"
116-->[androidx.camera:camera-camera2:1.3.1] AndroidManifest.xml:31:17-103
117                android:value="androidx.camera.camera2.Camera2Config$DefaultProvider" />
117-->[androidx.camera:camera-camera2:1.3.1] AndroidManifest.xml:32:17-86
118        </service>
119
120        <uses-library
120-->[androidx.window:window:1.2.0] AndroidManifest.xml:23:9-25:40
121            android:name="androidx.window.extensions"
121-->[androidx.window:window:1.2.0] AndroidManifest.xml:24:13-54
122            android:required="false" />
122-->[androidx.window:window:1.2.0] AndroidManifest.xml:25:13-37
123        <uses-library
123-->[androidx.window:window:1.2.0] AndroidManifest.xml:26:9-28:40
124            android:name="androidx.window.sidecar"
124-->[androidx.window:window:1.2.0] AndroidManifest.xml:27:13-51
125            android:required="false" />
125-->[androidx.window:window:1.2.0] AndroidManifest.xml:28:13-37
126
127        <service
127-->[com.google.android.gms:play-services-mlkit-barcode-scanning:18.3.0] AndroidManifest.xml:9:9-15:19
128            android:name="com.google.mlkit.common.internal.MlKitComponentDiscoveryService"
128-->[com.google.android.gms:play-services-mlkit-barcode-scanning:18.3.0] AndroidManifest.xml:10:13-91
129            android:directBootAware="true"
129-->[com.google.mlkit:common:18.9.0] AndroidManifest.xml:17:13-43
130            android:exported="false" >
130-->[com.google.android.gms:play-services-mlkit-barcode-scanning:18.3.0] AndroidManifest.xml:11:13-37
131            <meta-data
131-->[com.google.android.gms:play-services-mlkit-barcode-scanning:18.3.0] AndroidManifest.xml:12:13-14:85
132                android:name="com.google.firebase.components:com.google.mlkit.vision.barcode.internal.BarcodeRegistrar"
132-->[com.google.android.gms:play-services-mlkit-barcode-scanning:18.3.0] AndroidManifest.xml:13:17-120
133                android:value="com.google.firebase.components.ComponentRegistrar" />
133-->[com.google.android.gms:play-services-mlkit-barcode-scanning:18.3.0] AndroidManifest.xml:14:17-82
134            <meta-data
134-->[com.google.mlkit:vision-common:17.3.0] AndroidManifest.xml:12:13-14:85
135                android:name="com.google.firebase.components:com.google.mlkit.vision.common.internal.VisionCommonRegistrar"
135-->[com.google.mlkit:vision-common:17.3.0] AndroidManifest.xml:13:17-124
136                android:value="com.google.firebase.components.ComponentRegistrar" />
136-->[com.google.mlkit:vision-common:17.3.0] AndroidManifest.xml:14:17-82
137            <meta-data
137-->[com.google.mlkit:common:18.9.0] AndroidManifest.xml:20:13-22:85
138                android:name="com.google.firebase.components:com.google.mlkit.common.internal.CommonComponentRegistrar"
138-->[com.google.mlkit:common:18.9.0] AndroidManifest.xml:21:17-120
139                android:value="com.google.firebase.components.ComponentRegistrar" />
139-->[com.google.mlkit:common:18.9.0] AndroidManifest.xml:22:17-82
140        </service>
141
142        <provider
142-->[com.google.mlkit:common:18.9.0] AndroidManifest.xml:9:9-13:38
143            android:name="com.google.mlkit.common.internal.MlKitInitProvider"
143-->[com.google.mlkit:common:18.9.0] AndroidManifest.xml:10:13-78
144            android:authorities="com.example.guadiana_app.mlkitinitprovider"
144-->[com.google.mlkit:common:18.9.0] AndroidManifest.xml:11:13-69
145            android:exported="false"
145-->[com.google.mlkit:common:18.9.0] AndroidManifest.xml:12:13-37
146            android:initOrder="99" />
146-->[com.google.mlkit:common:18.9.0] AndroidManifest.xml:13:13-35
147
148        <activity
148-->[com.google.android.gms:play-services-base:18.1.0] AndroidManifest.xml:20:9-22:45
149            android:name="com.google.android.gms.common.api.GoogleApiActivity"
149-->[com.google.android.gms:play-services-base:18.1.0] AndroidManifest.xml:20:19-85
150            android:exported="false"
150-->[com.google.android.gms:play-services-base:18.1.0] AndroidManifest.xml:22:19-43
151            android:theme="@android:style/Theme.Translucent.NoTitleBar" />
151-->[com.google.android.gms:play-services-base:18.1.0] AndroidManifest.xml:21:19-78
152
153        <meta-data
153-->[com.google.android.gms:play-services-basement:18.1.0] AndroidManifest.xml:21:9-23:69
154            android:name="com.google.android.gms.version"
154-->[com.google.android.gms:play-services-basement:18.1.0] AndroidManifest.xml:22:13-58
155            android:value="@integer/google_play_services_version" />
155-->[com.google.android.gms:play-services-basement:18.1.0] AndroidManifest.xml:23:13-66
156
157        <provider
157-->[androidx.lifecycle:lifecycle-process:2.7.0] AndroidManifest.xml:24:9-32:20
158            android:name="androidx.startup.InitializationProvider"
158-->[androidx.lifecycle:lifecycle-process:2.7.0] AndroidManifest.xml:25:13-67
159            android:authorities="com.example.guadiana_app.androidx-startup"
159-->[androidx.lifecycle:lifecycle-process:2.7.0] AndroidManifest.xml:26:13-68
160            android:exported="false" >
160-->[androidx.lifecycle:lifecycle-process:2.7.0] AndroidManifest.xml:27:13-37
161            <meta-data
161-->[androidx.lifecycle:lifecycle-process:2.7.0] AndroidManifest.xml:29:13-31:52
162                android:name="androidx.lifecycle.ProcessLifecycleInitializer"
162-->[androidx.lifecycle:lifecycle-process:2.7.0] AndroidManifest.xml:30:17-78
163                android:value="androidx.startup" />
163-->[androidx.lifecycle:lifecycle-process:2.7.0] AndroidManifest.xml:31:17-49
164            <meta-data
164-->[androidx.profileinstaller:profileinstaller:1.3.1] AndroidManifest.xml:29:13-31:52
165                android:name="androidx.profileinstaller.ProfileInstallerInitializer"
165-->[androidx.profileinstaller:profileinstaller:1.3.1] AndroidManifest.xml:30:17-85
166                android:value="androidx.startup" />
166-->[androidx.profileinstaller:profileinstaller:1.3.1] AndroidManifest.xml:31:17-49
167        </provider>
168
169        <receiver
169-->[androidx.profileinstaller:profileinstaller:1.3.1] AndroidManifest.xml:34:9-52:20
170            android:name="androidx.profileinstaller.ProfileInstallReceiver"
170-->[androidx.profileinstaller:profileinstaller:1.3.1] AndroidManifest.xml:35:13-76
171            android:directBootAware="false"
171-->[androidx.profileinstaller:profileinstaller:1.3.1] AndroidManifest.xml:36:13-44
172            android:enabled="true"
172-->[androidx.profileinstaller:profileinstaller:1.3.1] AndroidManifest.xml:37:13-35
173            android:exported="true"
173-->[androidx.profileinstaller:profileinstaller:1.3.1] AndroidManifest.xml:38:13-36
174            android:permission="android.permission.DUMP" >
174-->[androidx.profileinstaller:profileinstaller:1.3.1] AndroidManifest.xml:39:13-57
175            <intent-filter>
175-->[androidx.profileinstaller:profileinstaller:1.3.1] AndroidManifest.xml:40:13-42:29
176                <action android:name="androidx.profileinstaller.action.INSTALL_PROFILE" />
176-->[androidx.profileinstaller:profileinstaller:1.3.1] AndroidManifest.xml:41:17-91
176-->[androidx.profileinstaller:profileinstaller:1.3.1] AndroidManifest.xml:41:25-88
177            </intent-filter>
178            <intent-filter>
178-->[androidx.profileinstaller:profileinstaller:1.3.1] AndroidManifest.xml:43:13-45:29
179                <action android:name="androidx.profileinstaller.action.SKIP_FILE" />
179-->[androidx.profileinstaller:profileinstaller:1.3.1] AndroidManifest.xml:44:17-85
179-->[androidx.profileinstaller:profileinstaller:1.3.1] AndroidManifest.xml:44:25-82
180            </intent-filter>
181            <intent-filter>
181-->[androidx.profileinstaller:profileinstaller:1.3.1] AndroidManifest.xml:46:13-48:29
182                <action android:name="androidx.profileinstaller.action.SAVE_PROFILE" />
182-->[androidx.profileinstaller:profileinstaller:1.3.1] AndroidManifest.xml:47:17-88
182-->[androidx.profileinstaller:profileinstaller:1.3.1] AndroidManifest.xml:47:25-85
183            </intent-filter>
184            <intent-filter>
184-->[androidx.profileinstaller:profileinstaller:1.3.1] AndroidManifest.xml:49:13-51:29
185                <action android:name="androidx.profileinstaller.action.BENCHMARK_OPERATION" />
185-->[androidx.profileinstaller:profileinstaller:1.3.1] AndroidManifest.xml:50:17-95
185-->[androidx.profileinstaller:profileinstaller:1.3.1] AndroidManifest.xml:50:25-92
186            </intent-filter>
187        </receiver>
188
189        <service
189-->[com.google.android.datatransport:transport-backend-cct:2.3.3] AndroidManifest.xml:29:9-35:19
190            android:name="com.google.android.datatransport.runtime.backends.TransportBackendDiscovery"
190-->[com.google.android.datatransport:transport-backend-cct:2.3.3] AndroidManifest.xml:30:13-103
191            android:exported="false" >
191-->[com.google.android.datatransport:transport-backend-cct:2.3.3] AndroidManifest.xml:31:13-37
192            <meta-data
192-->[com.google.android.datatransport:transport-backend-cct:2.3.3] AndroidManifest.xml:32:13-34:39
193                android:name="backend:com.google.android.datatransport.cct.CctBackendFactory"
193-->[com.google.android.datatransport:transport-backend-cct:2.3.3] AndroidManifest.xml:33:17-94
194                android:value="cct" />
194-->[com.google.android.datatransport:transport-backend-cct:2.3.3] AndroidManifest.xml:34:17-36
195        </service>
196        <service
196-->[com.google.android.datatransport:transport-runtime:2.2.6] AndroidManifest.xml:26:9-30:19
197            android:name="com.google.android.datatransport.runtime.scheduling.jobscheduling.JobInfoSchedulerService"
197-->[com.google.android.datatransport:transport-runtime:2.2.6] AndroidManifest.xml:27:13-117
198            android:exported="false"
198-->[com.google.android.datatransport:transport-runtime:2.2.6] AndroidManifest.xml:28:13-37
199            android:permission="android.permission.BIND_JOB_SERVICE" >
199-->[com.google.android.datatransport:transport-runtime:2.2.6] AndroidManifest.xml:29:13-69
200        </service>
201
202        <receiver
202-->[com.google.android.datatransport:transport-runtime:2.2.6] AndroidManifest.xml:32:9-34:40
203            android:name="com.google.android.datatransport.runtime.scheduling.jobscheduling.AlarmManagerSchedulerBroadcastReceiver"
203-->[com.google.android.datatransport:transport-runtime:2.2.6] AndroidManifest.xml:33:13-132
204            android:exported="false" />
204-->[com.google.android.datatransport:transport-runtime:2.2.6] AndroidManifest.xml:34:13-37
205    </application>
206
207</manifest>